<?xml version="1.0" encoding="UTF-8"?>
<testsuite xmlns:xsi="http://www.w3.org/2001/XMLSchema-instance" xsi:noNamespaceSchemaLocation="https://maven.apache.org/surefire/maven-surefire-plugin/xsd/surefire-test-report-3.0.xsd" version="3.0" name="org.example.GameBoardTest" time="0.402" tests="54" errors="0" skipped="0" failures="0">
  <properties>
    <property name="java.specification.version" value="17"/>
    <property name="sun.cpu.isalist" value="amd64"/>
    <property name="sun.jnu.encoding" value="Cp1250"/>
    <property name="java.class.path" value="E:\progtech\wumpus\target\test-classes;E:\progtech\wumpus\target\classes;C:\Users\heimjanos\.m2\repository\org\junit\jupiter\junit-jupiter-api\5.7.0\junit-jupiter-api-5.7.0.jar;C:\Users\heimjanos\.m2\repository\org\apiguardian\apiguardian-api\1.1.0\apiguardian-api-1.1.0.jar;C:\Users\heimjanos\.m2\repository\org\opentest4j\opentest4j\1.2.0\opentest4j-1.2.0.jar;C:\Users\heimjanos\.m2\repository\org\junit\platform\junit-platform-commons\1.7.0\junit-platform-commons-1.7.0.jar;C:\Users\heimjanos\.m2\repository\org\junit\jupiter\junit-jupiter-engine\5.7.0\junit-jupiter-engine-5.7.0.jar;C:\Users\heimjanos\.m2\repository\org\junit\platform\junit-platform-engine\1.7.0\junit-platform-engine-1.7.0.jar;C:\Users\heimjanos\.m2\repository\org\mockito\mockito-core\4.0.0\mockito-core-4.0.0.jar;C:\Users\heimjanos\.m2\repository\net\bytebuddy\byte-buddy\1.11.19\byte-buddy-1.11.19.jar;C:\Users\heimjanos\.m2\repository\net\bytebuddy\byte-buddy-agent\1.11.19\byte-buddy-agent-1.11.19.jar;C:\Users\heimjanos\.m2\repository\org\objenesis\objenesis\3.2\objenesis-3.2.jar;C:\Users\heimjanos\.m2\repository\org\xerial\sqlite-jdbc\3.34.0\sqlite-jdbc-3.34.0.jar;C:\Users\heimjanos\.m2\repository\ch\qos\logback\logback-classic\1.2.6\logback-classic-1.2.6.jar;C:\Users\heimjanos\.m2\repository\ch\qos\logback\logback-core\1.2.6\logback-core-1.2.6.jar;C:\Users\heimjanos\.m2\repository\org\slf4j\slf4j-api\1.7.32\slf4j-api-1.7.32.jar;C:\Users\heimjanos\.m2\repository\javax\xml\bind\jaxb-api\2.3.1\jaxb-api-2.3.1.jar;C:\Users\heimjanos\.m2\repository\javax\activation\javax.activation-api\1.2.0\javax.activation-api-1.2.0.jar;C:\Users\heimjanos\.m2\repository\org\glassfish\jaxb\jaxb-runtime\2.3.1\jaxb-runtime-2.3.1.jar;C:\Users\heimjanos\.m2\repository\org\glassfish\jaxb\txw2\2.3.1\txw2-2.3.1.jar;C:\Users\heimjanos\.m2\repository\com\sun\istack\istack-commons-runtime\3.0.7\istack-commons-runtime-3.0.7.jar;C:\Users\heimjanos\.m2\repository\org\jvnet\staxex\stax-ex\1.8\stax-ex-1.8.jar;C:\Users\heimjanos\.m2\repository\com\sun\xml\fastinfoset\FastInfoset\1.2.15\FastInfoset-1.2.15.jar;C:\Users\heimjanos\.m2\repository\javax\activation\activation\1.1.1\activation-1.1.1.jar;C:\Users\heimjanos\.m2\repository\junit\junit\4.12\junit-4.12.jar;C:\Users\heimjanos\.m2\repository\org\hamcrest\hamcrest-core\1.3\hamcrest-core-1.3.jar;C:\Users\heimjanos\.m2\repository\com\h2database\h2\1.4.200\h2-1.4.200.jar;"/>
    <property name="java.vm.vendor" value="Amazon.com Inc."/>
    <property name="sun.arch.data.model" value="64"/>
    <property name="user.variant" value=""/>
    <property name="java.vendor.url" value="https://aws.amazon.com/corretto/"/>
    <property name="user.timezone" value="Europe/Budapest"/>
    <property name="os.name" value="Windows 10"/>
    <property name="java.vm.specification.version" value="17"/>
    <property name="sun.java.launcher" value="SUN_STANDARD"/>
    <property name="user.country" value="HU"/>
    <property name="sun.boot.library.path" value="C:\Users\heimjanos\.jdks\corretto-17.0.10\bin"/>
    <property name="sun.java.command" value="C:\Users\heimjanos\AppData\Local\Temp\surefire2630260679755970411\surefirebooter-20240126122659469_3.jar C:\Users\heimjanos\AppData\Local\Temp\surefire2630260679755970411 2024-01-26T12-26-59_346-jvmRun1 surefire-20240126122659469_1tmp surefire_0-20240126122659469_2tmp"/>
    <property name="jdk.debug" value="release"/>
    <property name="surefire.test.class.path" value="E:\progtech\wumpus\target\test-classes;E:\progtech\wumpus\target\classes;C:\Users\heimjanos\.m2\repository\org\junit\jupiter\junit-jupiter-api\5.7.0\junit-jupiter-api-5.7.0.jar;C:\Users\heimjanos\.m2\repository\org\apiguardian\apiguardian-api\1.1.0\apiguardian-api-1.1.0.jar;C:\Users\heimjanos\.m2\repository\org\opentest4j\opentest4j\1.2.0\opentest4j-1.2.0.jar;C:\Users\heimjanos\.m2\repository\org\junit\platform\junit-platform-commons\1.7.0\junit-platform-commons-1.7.0.jar;C:\Users\heimjanos\.m2\repository\org\junit\jupiter\junit-jupiter-engine\5.7.0\junit-jupiter-engine-5.7.0.jar;C:\Users\heimjanos\.m2\repository\org\junit\platform\junit-platform-engine\1.7.0\junit-platform-engine-1.7.0.jar;C:\Users\heimjanos\.m2\repository\org\mockito\mockito-core\4.0.0\mockito-core-4.0.0.jar;C:\Users\heimjanos\.m2\repository\net\bytebuddy\byte-buddy\1.11.19\byte-buddy-1.11.19.jar;C:\Users\heimjanos\.m2\repository\net\bytebuddy\byte-buddy-agent\1.11.19\byte-buddy-agent-1.11.19.jar;C:\Users\heimjanos\.m2\repository\org\objenesis\objenesis\3.2\objenesis-3.2.jar;C:\Users\heimjanos\.m2\repository\org\xerial\sqlite-jdbc\3.34.0\sqlite-jdbc-3.34.0.jar;C:\Users\heimjanos\.m2\repository\ch\qos\logback\logback-classic\1.2.6\logback-classic-1.2.6.jar;C:\Users\heimjanos\.m2\repository\ch\qos\logback\logback-core\1.2.6\logback-core-1.2.6.jar;C:\Users\heimjanos\.m2\repository\org\slf4j\slf4j-api\1.7.32\slf4j-api-1.7.32.jar;C:\Users\heimjanos\.m2\repository\javax\xml\bind\jaxb-api\2.3.1\jaxb-api-2.3.1.jar;C:\Users\heimjanos\.m2\repository\javax\activation\javax.activation-api\1.2.0\javax.activation-api-1.2.0.jar;C:\Users\heimjanos\.m2\repository\org\glassfish\jaxb\jaxb-runtime\2.3.1\jaxb-runtime-2.3.1.jar;C:\Users\heimjanos\.m2\repository\org\glassfish\jaxb\txw2\2.3.1\txw2-2.3.1.jar;C:\Users\heimjanos\.m2\repository\com\sun\istack\istack-commons-runtime\3.0.7\istack-commons-runtime-3.0.7.jar;C:\Users\heimjanos\.m2\repository\org\jvnet\staxex\stax-ex\1.8\stax-ex-1.8.jar;C:\Users\heimjanos\.m2\repository\com\sun\xml\fastinfoset\FastInfoset\1.2.15\FastInfoset-1.2.15.jar;C:\Users\heimjanos\.m2\repository\javax\activation\activation\1.1.1\activation-1.1.1.jar;C:\Users\heimjanos\.m2\repository\junit\junit\4.12\junit-4.12.jar;C:\Users\heimjanos\.m2\repository\org\hamcrest\hamcrest-core\1.3\hamcrest-core-1.3.jar;C:\Users\heimjanos\.m2\repository\com\h2database\h2\1.4.200\h2-1.4.200.jar;"/>
    <property name="sun.cpu.endian" value="little"/>
    <property name="user.home" value="C:\Users\heimjanos"/>
    <property name="user.language" value="hu"/>
    <property name="java.specification.vendor" value="Oracle Corporation"/>
    <property name="java.version.date" value="2024-01-16"/>
    <property name="java.home" value="C:\Users\heimjanos\.jdks\corretto-17.0.10"/>
    <property name="file.separator" value="\"/>
    <property name="basedir" value="E:\progtech\wumpus"/>
    <property name="java.vm.compressedOopsMode" value="Zero based"/>
    <property name="line.separator" value="&#10;"/>
    <property name="java.vm.specification.vendor" value="Oracle Corporation"/>
    <property name="java.specification.name" value="Java Platform API Specification"/>
    <property name="surefire.real.class.path" value="C:\Users\heimjanos\AppData\Local\Temp\surefire2630260679755970411\surefirebooter-20240126122659469_3.jar"/>
    <property name="user.script" value=""/>
    <property name="sun.management.compiler" value="HotSpot 64-Bit Tiered Compilers"/>
    <property name="java.runtime.version" value="17.0.10+7-LTS"/>
    <property name="user.name" value="heimjanos"/>
    <property name="path.separator" value=";"/>
    <property name="os.version" value="10.0"/>
    <property name="java.runtime.name" value="OpenJDK Runtime Environment"/>
    <property name="file.encoding" value="Cp1250"/>
    <property name="java.vm.name" value="OpenJDK 64-Bit Server VM"/>
    <property name="java.vendor.version" value="Corretto-17.0.10.7.1"/>
    <property name="localRepository" value="C:\Users\heimjanos\.m2\repository"/>
    <property name="java.vendor.url.bug" value="https://github.com/corretto/corretto-17/issues/"/>
    <property name="java.io.tmpdir" value="C:\Users\HEIMJA~1\AppData\Local\Temp\"/>
    <property name="idea.version" value="2023.3.3"/>
    <property name="java.version" value="17.0.10"/>
    <property name="user.dir" value="E:\progtech\wumpus"/>
    <property name="os.arch" value="amd64"/>
    <property name="java.vm.specification.name" value="Java Virtual Machine Specification"/>
    <property name="sun.os.patch.level" value=""/>
    <property name="native.encoding" value="Cp1250"/>
    <property name="java.library.path" value="C:\Users\heimjanos\.jdks\corretto-17.0.10\bin;C:\Windows\Sun\Java\bin;C:\Windows\system32;C:\Windows;C:\Program Files (x86)\Common Files\Oracle\Java\javapath;C:\Windows\system32;C:\Windows;C:\Windows\System32\Wbem;C:\Windows\System32\WindowsPowerShell\v1.0\;C:\Windows\System32\OpenSSH\;C:\Program Files (x86)\NVIDIA Corporation\PhysX\Common;C:\Program Files\NVIDIA Corporation\NVIDIA NvDLISR;C:\Program Files\Git\cmd;C:\Users\heimjanos\AppData\Local\Microsoft\WindowsApps;;E:\IntelliJ IDEA Community Edition 2023.3.3\bin;;."/>
    <property name="java.vm.info" value="mixed mode, sharing"/>
    <property name="java.vendor" value="Amazon.com Inc."/>
    <property name="java.vm.version" value="17.0.10+7-LTS"/>
    <property name="sun.io.unicode.encoding" value="UnicodeLittle"/>
    <property name="java.class.version" value="61.0"/>
  </properties>
  <testcase name="testProcessArrowShot" classname="org.example.GameBoardTest" time="0.036">
    <system-out><![CDATA[# # # # # 
# . . . # 
# . . . # 
# . . . # 
# # # # # 
# # # # # 
# . . . # 
# . . . # 
# . . . # 
# # # # # 
Egy wumpusz meghalt.
]]></system-out>
  </testcase>
  <testcase name="testRecreateHeroIfNeeded" classname="org.example.GameBoardTest" time="0.004">
    <system-out><![CDATA[# # # # # 
# . . . # 
# . . . # 
# . . . # 
# # # # # 
# # # # # 
# . . . # 
# . . . # 
# . . . # 
# # # # # 
]]></system-out>
  </testcase>
  <testcase name="testTileToChar" classname="org.example.GameBoardTest" time="0.003">
    <system-out><![CDATA[# # # # # 
# . . . # 
# . . . # 
# . . . # 
# # # # # 
]]></system-out>
  </testcase>
  <testcase name="testGameOverByWumpus" classname="org.example.GameBoardTest" time="0.002">
    <system-out><![CDATA[# # # # # 
# . . . # 
# . . . # 
# . . . # 
# # # # # 
# # # # # 
# . . . # 
# . . . # 
# . . . # 
# # # # # 
A hős wumpuszra lépett és meghalt!
]]></system-out>
  </testcase>
  <testcase name="testCheckForHazards_NoHazard" classname="org.example.GameBoardTest" time="0.002">
    <system-out><![CDATA[# # # # # 
# . . . # 
# . . . # 
# . . . # 
# # # # # 
# # # # # 
# . . . # 
# . . . # 
# . . . # 
# # # # # 
]]></system-out>
  </testcase>
  <testcase name="testFindStartingPointWithHeroPlaced" classname="org.example.GameBoardTest" time="0.002">
    <system-out><![CDATA[# # # # # 
# . . . # 
# . . . # 
# . . . # 
# # # # # 
# # # # # 
# . . . # 
# . . . # 
# . . . # 
# # # # # 
]]></system-out>
  </testcase>
  <testcase name="testSerialization" classname="org.example.GameBoardTest" time="0.226">
    <system-out><![CDATA[# # # # # 
# . . . # 
# . . . # 
# . . . # 
# # # # # 
# # # # # 
# . . . # 
# . . . # 
# . . . # 
# # # # # 
]]></system-out>
  </testcase>
  <testcase name="testRemoveElement_ValidPosition" classname="org.example.GameBoardTest" time="0.004">
    <system-out><![CDATA[# # # # # 
# . . . # 
# . . . # 
# . . . # 
# # # # # 
# # # # # 
# . . . # 
# . . . # 
# . . . # 
# # # # # 
]]></system-out>
  </testcase>
  <testcase name="testFindStartingPointNoHero" classname="org.example.GameBoardTest" time="0.004">
    <system-out><![CDATA[# # # # # 
# . . . # 
# . . . # 
# . . . # 
# # # # # 
# # # # # 
# . . . # 
# . . . # 
# . . . # 
# # # # # 
]]></system-out>
  </testcase>
  <testcase name="testCalculateWumpusCount" classname="org.example.GameBoardTest" time="0.005">
    <system-out><![CDATA[# # # # # 
# . . . # 
# . . . # 
# . . . # 
# # # # # 
# # # # # # # # 
# . . . . . . # 
# . . . . . . # 
# . . . . . . # 
# . . . . . . # 
# . . . . . . # 
# . . . . . . # 
# # # # # # # # 
# # # # # # # # # 
# . . . . . . . # 
# . . . . . . . # 
# . . . . . . . # 
# . . . . . . . # 
# . . . . . . . # 
# . . . . . . . # 
# . . . . . . . # 
# # # # # # # # # 
# # # # # # # # # # # # # # # 
# . . . . . . . . . . . . . # 
# . . . . . . . . . . . . . # 
# . . . . . . . . . . . . . # 
# . . . . . . . . . . . . . # 
# . . . . . . . . . . . . . # 
# . . . . . . . . . . . . . # 
# . . . . . . . . . . . . . # 
# . . . . . . . . . . . . . # 
# . . . . . . . . . . . . . # 
# . . . . . . . . . . . . . # 
# . . . . . . . . . . . . . # 
# . . . . . . . . . . . . . # 
# . . . . . . . . . . . . . # 
# # # # # # # # # # # # # # # 
]]></system-out>
  </testcase>
  <testcase name="testCheckVictoryConditionDeclaresVictory" classname="org.example.GameBoardTest" time="0.002">
    <system-out><![CDATA[# # # # # 
# . . . # 
# . . . # 
# . . . # 
# # # # # 
# # # # # 
# . . . # 
# . . . # 
# . . . # 
# # # # # 
Arany felvéve, térj vissza a kezdőpontra!
Gratulálunk! Megnyerted a játékot!
]]></system-out>
  </testcase>
  <testcase name="testGameOver" classname="org.example.GameBoardTest" time="0.001">
    <system-out><![CDATA[# # # # # 
# . . . # 
# . . . # 
# . . . # 
# # # # # 
# # # # # 
# . . . # 
# . . . # 
# . . . # 
# # # # # 
]]></system-out>
  </testcase>
  <testcase name="testTileAdapterUnmarshalling" classname="org.example.GameBoardTest" time="0.003">
    <system-out><![CDATA[# # # # # 
# . . . # 
# . . . # 
# . . . # 
# # # # # 
]]></system-out>
  </testcase>
  <testcase name="testAddElementInvalidPositionDoesNotPlaceElement" classname="org.example.GameBoardTest" time="0.003">
    <system-out><![CDATA[# # # # # 
# . . . # 
# . . . # 
# . . . # 
# # # # # 
# # # # # 
# . . . # 
# . . . # 
# . . . # 
# # # # # 
]]></system-out>
    <system-err><![CDATA[Invalid position: [-1, -1]
]]></system-err>
  </testcase>
  <testcase name="testPerformPostPlacementActions_Overlap" classname="org.example.GameBoardTest" time="0.001">
    <system-out><![CDATA[# # # # # 
# . . . # 
# . . . # 
# . . . # 
# # # # # 
# # # # # 
# . . . # 
# . . . # 
# . . . # 
# # # # # 
]]></system-out>
  </testcase>
  <testcase name="testInitializeBoard" classname="org.example.GameBoardTest" time="0.002">
    <system-out><![CDATA[# # # # # 
# . . . # 
# . . . # 
# . . . # 
# # # # # 
# # # # # 
# . . . # 
# . . . # 
# . . . # 
# # # # # 
]]></system-out>
  </testcase>
  <testcase name="testVictoryConditionAfterPickingUpGold" classname="org.example.GameBoardTest" time="0.0">
    <system-out><![CDATA[# # # # # 
# . . . # 
# . . . # 
# . . . # 
# # # # # 
# # # # # 
# . . . # 
# . . . # 
# . . . # 
# # # # # 
Arany felvéve, térj vissza a kezdőpontra!
Nem lehet oda lépni!
Gratulálunk! Megnyerted a játékot!
]]></system-out>
  </testcase>
  <testcase name="testAddElement" classname="org.example.GameBoardTest" time="0.0">
    <system-out><![CDATA[# # # # # 
# . . . # 
# . . . # 
# . . . # 
# # # # # 
# # # # # 
# . . . # 
# . . . # 
# . . . # 
# # # # # 
]]></system-out>
  </testcase>
  <testcase name="testMoveHeroNorthMovesCorrectly" classname="org.example.GameBoardTest" time="0.0">
    <system-out><![CDATA[# # # # # 
# . . . # 
# . . . # 
# . . . # 
# # # # # 
# # # # # 
# . . . # 
# . . . # 
# . . . # 
# # # # # 
]]></system-out>
  </testcase>
  <testcase name="testPickUpGoldCommand_WithGold" classname="org.example.GameBoardTest" time="0.001">
    <system-out><![CDATA[# # # # # 
# . . . # 
# . . . # 
# . . . # 
# # # # # 
# # # # # 
# . . . # 
# . . . # 
# . . . # 
# # # # # 
Arany felvéve, térj vissza a kezdőpontra!
]]></system-out>
  </testcase>
  <testcase name="testAddElementValidPositionPlacesElement" classname="org.example.GameBoardTest" time="0.0">
    <system-out><![CDATA[# # # # # 
# . . . # 
# . . . # 
# . . . # 
# # # # # 
# # # # # 
# . . . # 
# . . . # 
# . . . # 
# # # # # 
]]></system-out>
  </testcase>
  <testcase name="testMoveHero_TowardsWall" classname="org.example.GameBoardTest" time="0.001">
    <system-out><![CDATA[# # # # # 
# . . . # 
# . . . # 
# . . . # 
# # # # # 
# # # # # 
# . . . # 
# . . . # 
# . . . # 
# # # # # 
Nem lehet oda lépni!
]]></system-out>
  </testcase>
  <testcase name="testInitializeBoardCreatesCorrectWallBoundary" classname="org.example.GameBoardTest" time="0.001">
    <system-out><![CDATA[# # # # # 
# . . . # 
# . . . # 
# . . . # 
# # # # # 
# # # # # 
# . . . # 
# . . . # 
# . . . # 
# # # # # 
]]></system-out>
  </testcase>
  <testcase name="testPickUpGoldCommand" classname="org.example.GameBoardTest" time="0.001">
    <system-out><![CDATA[# # # # # 
# . . . # 
# . . . # 
# . . . # 
# # # # # 
# # # # # 
# . . . # 
# . . . # 
# . . . # 
# # # # # 
Arany felvéve, térj vissza a kezdőpontra!
]]></system-out>
  </testcase>
  <testcase name="testCheckForHazards_OnWumpus" classname="org.example.GameBoardTest" time="0.001">
    <system-out><![CDATA[# # # # # 
# . . . # 
# . . . # 
# . . . # 
# # # # # 
# # # # # 
# . . . # 
# . . . # 
# . . . # 
# # # # # 
A hős wumpuszra lépett és meghalt!
]]></system-out>
  </testcase>
  <testcase name="testRemoveElementClearsTile" classname="org.example.GameBoardTest" time="0.001">
    <system-out><![CDATA[# # # # # 
# . . . # 
# . . . # 
# . . . # 
# # # # # 
# # # # # 
# . . . # 
# . . . # 
# . . . # 
# # # # # 
]]></system-out>
  </testcase>
  <testcase name="testMoveHero_Boundary" classname="org.example.GameBoardTest" time="0.0">
    <system-out><![CDATA[# # # # # 
# . . . # 
# . . . # 
# . . . # 
# # # # # 
# # # # # 
# . . . # 
# . . . # 
# . . . # 
# # # # # 
Nem lehet oda lépni!
]]></system-out>
  </testcase>
  <testcase name="testPerformPostPlacementActions_PlaceHero" classname="org.example.GameBoardTest" time="0.001">
    <system-out><![CDATA[# # # # # 
# . . . # 
# . . . # 
# . . . # 
# # # # # 
# # # # # 
# . . . # 
# . . . # 
# . . . # 
# # # # # 
]]></system-out>
  </testcase>
  <testcase name="testRemoveWumpus" classname="org.example.GameBoardTest" time="0.001">
    <system-out><![CDATA[# # # # # 
# . . . # 
# . . . # 
# . . . # 
# # # # # 
# # # # # 
# . . . # 
# . . . # 
# . . . # 
# # # # # 
]]></system-out>
  </testcase>
  <testcase name="testIsWallIdentifiesWalls" classname="org.example.GameBoardTest" time="0.001">
    <system-out><![CDATA[# # # # # 
# . . . # 
# . . . # 
# . . . # 
# # # # # 
# # # # # 
# . . . # 
# . . . # 
# . . . # 
# # # # # 
]]></system-out>
  </testcase>
  <testcase name="testProcessArrowShotHitsWumpus" classname="org.example.GameBoardTest" time="0.001">
    <system-out><![CDATA[# # # # # 
# . . . # 
# . . . # 
# . . . # 
# # # # # 
# # # # # 
# . . . # 
# . . . # 
# . . . # 
# # # # # 
Egy wumpusz meghalt.
]]></system-out>
  </testcase>
  <testcase name="testRemoveGold" classname="org.example.GameBoardTest" time="0.002">
    <system-out><![CDATA[# # # # # 
# . . . # 
# . . . # 
# . . . # 
# # # # # 
# # # # # 
# . . . # 
# . . . # 
# . . . # 
# # # # # 
]]></system-out>
  </testcase>
  <testcase name="testArrowShotHitsWall" classname="org.example.GameBoardTest" time="0.001">
    <system-out><![CDATA[# # # # # 
# . . . # 
# . . . # 
# . . . # 
# # # # # 
# # # # # 
# . . . # 
# . . . # 
# . . . # 
# # # # # 
Ez nagyon mellé ment.
]]></system-out>
  </testcase>
  <testcase name="testRemoveElement_InvalidPosition" classname="org.example.GameBoardTest" time="0.001">
    <system-out><![CDATA[# # # # # 
# . . . # 
# . . . # 
# . . . # 
# # # # # 
# # # # # 
# . . . # 
# . . . # 
# . . . # 
# # # # # 
]]></system-out>
  </testcase>
  <testcase name="testMoveHero" classname="org.example.GameBoardTest" time="0.001">
    <system-out><![CDATA[# # # # # 
# . . . # 
# . . . # 
# . . . # 
# # # # # 
# # # # # 
# . . . # 
# . . . # 
# . . . # 
# # # # # 
]]></system-out>
  </testcase>
  <testcase name="testProcessArrowShotWithWall" classname="org.example.GameBoardTest" time="0.001">
    <system-out><![CDATA[# # # # # 
# . . . # 
# . . . # 
# . . . # 
# # # # # 
# # # # # 
# . . . # 
# . . . # 
# . . . # 
# # # # # 
Ez nagyon mellé ment.
]]></system-out>
  </testcase>
  <testcase name="testHeroEncounterWithPit" classname="org.example.GameBoardTest" time="0.001">
    <system-out><![CDATA[# # # # # 
# . . . # 
# . . . # 
# . . . # 
# # # # # 
# # # # # 
# . . . # 
# . . . # 
# . . . # 
# # # # # 
A hős beleesett egy verembe és elveszített egy nyilat.
]]></system-out>
  </testcase>
  <testcase name="testPickUpGoldCommand_AlreadyPicked" classname="org.example.GameBoardTest" time="0.001">
    <system-out><![CDATA[# # # # # 
# . . . # 
# . . . # 
# . . . # 
# # # # # 
# # # # # 
# . . . # 
# . . . # 
# . . . # 
# # # # # 
Itt nincs arany.
]]></system-out>
  </testcase>
  <testcase name="testCheckVictoryCondition_Victory" classname="org.example.GameBoardTest" time="0.001">
    <system-out><![CDATA[# # # # # 
# . . . # 
# . . . # 
# . . . # 
# # # # # 
# # # # # 
# . . . # 
# . . . # 
# . . . # 
# # # # # 
Arany felvéve, térj vissza a kezdőpontra!
Gratulálunk! Megnyerted a játékot!
]]></system-out>
  </testcase>
  <testcase name="testProcessArrowShotMissesWumpus" classname="org.example.GameBoardTest" time="0.001">
    <system-out><![CDATA[# # # # # 
# . . . # 
# . . . # 
# . . . # 
# # # # # 
# # # # # 
# . . . # 
# . . . # 
# . . . # 
# # # # # 
Ez nagyon mellé ment.
]]></system-out>
  </testcase>
  <testcase name="testTileAdapterMarshalling" classname="org.example.GameBoardTest" time="0.001">
    <system-out><![CDATA[# # # # # 
# . . . # 
# . . . # 
# . . . # 
# # # # # 
]]></system-out>
  </testcase>
  <testcase name="testPickUpGoldCommandPicksUpGold" classname="org.example.GameBoardTest" time="0.001">
    <system-out><![CDATA[# # # # # 
# . . . # 
# . . . # 
# . . . # 
# # # # # 
# # # # # 
# . . . # 
# . . . # 
# . . . # 
# # # # # 
Arany felvéve, térj vissza a kezdőpontra!
]]></system-out>
  </testcase>
  <testcase name="testArrowShotMisses" classname="org.example.GameBoardTest" time="0.001">
    <system-out><![CDATA[# # # # # 
# . . . # 
# . . . # 
# . . . # 
# # # # # 
# # # # # 
# . . . # 
# . . . # 
# . . . # 
# # # # # 
Ez nagyon mellé ment.
]]></system-out>
  </testcase>
  <testcase name="testRemoveElement" classname="org.example.GameBoardTest" time="0.002">
    <system-out><![CDATA[# # # # # 
# . . . # 
# . . . # 
# . . . # 
# # # # # 
# # # # # 
# . . . # 
# . . . # 
# . . . # 
# # # # # 
]]></system-out>
  </testcase>
  <testcase name="testCalculateWumpusAndPitPositions" classname="org.example.GameBoardTest" time="0.001">
    <system-out><![CDATA[# # # # # 
# . . . # 
# . . . # 
# . . . # 
# # # # # 
# # # # # 
# . . . # 
# . . . # 
# . . . # 
# # # # # 
]]></system-out>
  </testcase>
  <testcase name="testCheckHeroAndGoldPlacement" classname="org.example.GameBoardTest" time="0.002">
    <system-out><![CDATA[# # # # # 
# . . . # 
# . . . # 
# . . . # 
# # # # # 
# # # # # 
# . . . # 
# . . . # 
# . . . # 
# # # # # 
Hős helyezve: [2,2]
Arany helyezve: [3,3]
]]></system-out>
  </testcase>
  <testcase name="testRemoveElement_NonExistent" classname="org.example.GameBoardTest" time="0.001">
    <system-out><![CDATA[# # # # # 
# . . . # 
# . . . # 
# . . . # 
# # # # # 
# # # # # 
# . . . # 
# . . . # 
# . . . # 
# # # # # 
]]></system-out>
  </testcase>
  <testcase name="testVictoryCondition" classname="org.example.GameBoardTest" time="0.001">
    <system-out><![CDATA[# # # # # 
# . . . # 
# . . . # 
# . . . # 
# # # # # 
# # # # # 
# . . . # 
# . . . # 
# . . . # 
# # # # # 
A hős rálépett az aranyra. Használd az 'aranyat felszed' parancsot a felvételéhez.
Arany felvéve, térj vissza a kezdőpontra!
Gratulálunk! Megnyerted a játékot!
]]></system-out>
  </testcase>
  <testcase name="testAddElementWithValidPosition" classname="org.example.GameBoardTest" time="0.001">
    <system-out><![CDATA[# # # # # 
# . . . # 
# . . . # 
# . . . # 
# # # # # 
# # # # # 
# . . . # 
# . . . # 
# . . . # 
# # # # # 
]]></system-out>
  </testcase>
  <testcase name="testIsValidPosition" classname="org.example.GameBoardTest" time="0.001">
    <system-out><![CDATA[# # # # # 
# . . . # 
# . . . # 
# . . . # 
# # # # # 
# # # # # 
# . . . # 
# . . . # 
# . . . # 
# # # # # 
]]></system-out>
  </testcase>
  <testcase name="testRemovePit" classname="org.example.GameBoardTest" time="0.001">
    <system-out><![CDATA[# # # # # 
# . . . # 
# . . . # 
# . . . # 
# # # # # 
# # # # # 
# . . . # 
# . . . # 
# . . . # 
# # # # # 
]]></system-out>
  </testcase>
  <testcase name="testAddElementWithInvalidPosition" classname="org.example.GameBoardTest" time="0.001">
    <system-out><![CDATA[# # # # # 
# . . . # 
# . . . # 
# . . . # 
# # # # # 
# # # # # 
# . . . # 
# . . . # 
# . . . # 
# # # # # 
]]></system-out>
    <system-err><![CDATA[Invalid position: [5, 5]
]]></system-err>
  </testcase>
  <testcase name="testConstructor" classname="org.example.GameBoardTest" time="0.001">
    <system-out><![CDATA[# # # # # 
# . . . # 
# . . . # 
# . . . # 
# # # # # 
# # # # # 
# . . . # 
# . . . # 
# . . . # 
# # # # # 
]]></system-out>
  </testcase>
  <testcase name="testCanPlaceElementAt_Invalid" classname="org.example.GameBoardTest" time="0.001">
    <system-out><![CDATA[# # # # # 
# . . . # 
# . . . # 
# . . . # 
# # # # # 
# # # # # 
# . . . # 
# . . . # 
# . . . # 
# # # # # 
]]></system-out>
  </testcase>
</testsuite>